SF:lib/usecase/get_detail_movie.dart
DA:11,0
DA:13,0
DA:14,0
LF:3
LH:0
end_of_record
SF:lib/usecase/get_now_playing_movies.dart
DA:10,0
DA:12,0
DA:13,0
LF:3
LH:0
end_of_record
SF:lib/usecase/get_popular_movies.dart
DA:11,0
DA:13,0
DA:14,0
LF:3
LH:0
end_of_record
SF:lib/usecase/get_recommended_movie.dart
DA:10,0
DA:12,0
DA:13,0
LF:3
LH:0
end_of_record
SF:lib/usecase/get_top_rated_movies.dart
DA:12,0
DA:14,0
DA:15,0
LF:3
LH:0
end_of_record
SF:lib/presentation/bloc/detail/movie_detail_state.dart
DA:8,1
DA:10,1
DA:14,1
DA:16,1
DA:22,1
DA:24,1
DA:26,2
DA:32,1
DA:34,1
DA:36,2
LF:10
LH:10
end_of_record
SF:lib/presentation/bloc/detail/movie_detail_event.dart
DA:11,1
DA:13,1
DA:15,2
LF:3
LH:3
end_of_record
SF:lib/presentation/bloc/detail/movie_detail_bloc.dart
DA:16,3
DA:17,2
DA:22,1
DA:23,1
DA:25,2
DA:26,3
DA:28,2
DA:29,3
DA:30,1
DA:31,2
LF:10
LH:10
end_of_record
SF:lib/presentation/bloc/top_rated/movie_top_rated_state.dart
DA:6,1
DA:8,1
DA:12,1
DA:14,1
DA:20,1
DA:22,1
DA:24,2
DA:30,1
DA:32,1
DA:34,2
LF:10
LH:10
end_of_record
SF:lib/presentation/bloc/top_rated/movie_top_rated_bloc.dart
DA:15,3
DA:16,2
DA:19,1
DA:21,2
DA:23,3
DA:25,2
DA:26,3
DA:27,1
DA:28,1
DA:29,2
DA:30,2
LF:11
LH:11
end_of_record
SF:lib/presentation/bloc/top_rated/movie_top_rated_event.dart
DA:7,1
DA:9,1
LF:2
LH:2
end_of_record
SF:lib/presentation/bloc/movie_recommendation/movie_recommendation_state.dart
DA:10,1
DA:12,1
DA:16,1
DA:18,1
DA:24,1
DA:26,1
DA:28,2
DA:34,1
DA:36,1
DA:38,2
LF:10
LH:10
end_of_record
SF:lib/presentation/bloc/movie_recommendation/movie_recommendation_event.dart
DA:8,1
DA:10,1
DA:12,2
LF:3
LH:3
end_of_record
SF:lib/presentation/bloc/movie_recommendation/movie_recommendation_bloc.dart
DA:15,3
DA:16,2
DA:20,1
DA:21,1
DA:22,2
DA:24,3
DA:25,2
DA:26,3
DA:27,1
DA:28,5
LF:10
LH:10
end_of_record
SF:lib/presentation/bloc/now_playing/movie_now_playing_state.dart
DA:5,1
DA:7,1
DA:9,1
DA:18,1
DA:19,1
DA:21,2
DA:27,1
DA:29,1
DA:31,2
LF:9
LH:9
end_of_record
SF:lib/presentation/bloc/now_playing/movie_now_playing_event.dart
DA:9,1
DA:11,1
LF:2
LH:2
end_of_record
SF:lib/presentation/bloc/now_playing/movie_now_playing_bloc.dart
DA:18,3
DA:19,2
DA:23,1
DA:24,2
DA:26,3
DA:28,2
DA:29,3
DA:30,1
DA:31,5
LF:9
LH:9
end_of_record
SF:lib/presentation/bloc/popular/movie_popular_event.dart
DA:6,1
DA:8,1
LF:2
LH:2
end_of_record
SF:lib/presentation/bloc/popular/movie_popular_state.dart
DA:6,1
DA:8,1
DA:12,0
DA:14,0
DA:20,1
DA:22,1
DA:24,2
DA:30,1
DA:32,1
DA:34,2
LF:10
LH:8
end_of_record
SF:lib/presentation/bloc/popular/movie_popular_bloc.dart
DA:13,3
DA:14,2
DA:17,1
DA:19,3
DA:21,2
DA:22,3
DA:23,1
DA:24,1
DA:25,2
DA:26,2
LF:10
LH:10
end_of_record
SF:lib/presentation/bloc/movie_watchlist/movie_watchlist_state.dart
DA:10,1
DA:12,1
DA:16,1
DA:18,1
DA:23,1
DA:25,1
DA:31,1
DA:33,1
DA:35,2
DA:42,1
DA:44,1
DA:46,2
DA:52,1
DA:53,1
DA:55,2
DA:61,1
DA:62,1
DA:64,2
LF:18
LH:18
end_of_record
SF:lib/presentation/bloc/movie_watchlist/movie_watchlist_event.dart
DA:9,1
DA:11,1
DA:17,1
DA:18,1
DA:20,2
DA:25,1
DA:26,1
DA:28,2
DA:34,1
DA:36,1
DA:38,2
LF:11
LH:11
end_of_record
SF:lib/presentation/bloc/movie_watchlist/movie_watchlist_bloc.dart
DA:25,3
DA:26,2
DA:27,2
DA:28,2
DA:29,2
DA:33,1
DA:34,2
DA:35,3
DA:37,2
DA:38,3
DA:39,1
DA:40,5
DA:44,1
DA:45,1
DA:46,3
DA:47,2
DA:51,1
DA:52,1
DA:54,3
DA:55,2
DA:56,3
DA:57,1
DA:58,2
DA:62,1
DA:63,1
DA:64,3
DA:65,2
DA:66,3
DA:67,1
DA:68,2
LF:30
LH:30
end_of_record
