SF:lib/usecase/get_recommendations_tv.dart
DA:11,0
DA:12,0
DA:13,0
LF:3
LH:0
end_of_record
SF:lib/usecase/get_tv_airing_today.dart
DA:12,0
DA:13,0
DA:14,0
LF:3
LH:0
end_of_record
SF:lib/usecase/get_tv_detail.dart
DA:13,0
DA:17,0
DA:18,0
LF:3
LH:0
end_of_record
SF:lib/usecase/get_tv_on_the_air.dart
DA:12,0
DA:13,0
DA:14,0
LF:3
LH:0
end_of_record
SF:lib/usecase/get_tv_popular.dart
DA:12,0
DA:14,0
DA:15,0
LF:3
LH:0
end_of_record
SF:lib/usecase/get_tv_top_rated.dart
DA:11,0
DA:12,0
DA:13,0
LF:3
LH:0
end_of_record
SF:lib/presentation/bloc/tv_airing_today/tv_airing_today_event.dart
DA:9,1
DA:11,1
LF:2
LH:2
end_of_record
SF:lib/presentation/bloc/tv_airing_today/tv_airing_today_bloc.dart
DA:13,3
DA:14,2
DA:18,1
DA:19,2
DA:21,3
DA:22,2
DA:23,3
DA:24,1
DA:25,5
LF:9
LH:9
end_of_record
SF:lib/presentation/bloc/tv_airing_today/tv_airing_today_state.dart
DA:9,1
DA:11,1
DA:15,1
DA:17,1
DA:23,1
DA:24,1
DA:26,2
DA:32,1
DA:33,1
DA:35,2
LF:10
LH:10
end_of_record
SF:lib/presentation/bloc/tv_popular/tv_popular_bloc.dart
DA:16,3
DA:17,2
DA:20,1
DA:21,2
DA:22,3
DA:24,2
DA:25,3
DA:26,1
DA:27,5
LF:9
LH:9
end_of_record
SF:lib/presentation/bloc/tv_popular/tv_popular_event.dart
DA:8,1
DA:10,1
LF:2
LH:2
end_of_record
SF:lib/presentation/bloc/tv_popular/tv_popular_state.dart
DA:9,1
DA:11,1
DA:15,1
DA:17,1
DA:23,1
DA:24,1
DA:26,2
DA:32,1
DA:33,1
DA:35,2
LF:10
LH:10
end_of_record
SF:lib/presentation/bloc/tv_recommendation/tv_recommendation_state.dart
DA:9,1
DA:11,1
DA:16,1
DA:18,1
DA:25,1
DA:26,1
DA:28,2
DA:35,1
DA:36,1
DA:38,2
LF:10
LH:10
end_of_record
SF:lib/presentation/bloc/tv_recommendation/tv_recommendation_event.dart
DA:10,1
DA:11,1
DA:13,2
LF:3
LH:3
end_of_record
SF:lib/presentation/bloc/tv_recommendation/tv_recommendation_bloc.dart
DA:14,3
DA:15,2
DA:19,1
DA:20,1
DA:22,2
DA:23,3
DA:25,2
DA:26,3
DA:27,1
DA:28,5
LF:10
LH:10
end_of_record
SF:lib/presentation/bloc/tv_top_rated/tv_top_rated_state.dart
DA:9,1
DA:11,1
DA:15,1
DA:17,1
DA:23,1
DA:24,1
DA:26,2
DA:32,1
DA:33,1
DA:35,2
LF:10
LH:10
end_of_record
SF:lib/presentation/bloc/tv_top_rated/tv_top_rated_event.dart
DA:9,1
DA:11,1
LF:2
LH:2
end_of_record
SF:lib/presentation/bloc/tv_top_rated/tv_top_rated_bloc.dart
DA:15,3
DA:16,2
DA:20,1
DA:21,2
DA:22,3
DA:24,2
DA:25,3
DA:26,1
DA:27,5
LF:9
LH:9
end_of_record
SF:lib/presentation/bloc/tv_detail/tv_detail_event.dart
DA:10,1
DA:11,0
DA:13,0
LF:3
LH:1
end_of_record
SF:lib/presentation/bloc/tv_detail/tv_detail_state.dart
DA:6,1
DA:8,1
DA:11,1
DA:13,1
DA:18,1
DA:19,1
DA:21,2
DA:27,0
DA:28,0
DA:30,0
LF:10
LH:7
end_of_record
SF:lib/presentation/bloc/tv_detail/tv_detail_bloc.dart
DA:15,3
DA:16,2
DA:20,1
DA:21,1
DA:23,2
DA:25,3
DA:27,2
DA:28,3
DA:29,0
DA:30,0
LF:10
LH:8
end_of_record
SF:lib/presentation/bloc/tv_on_the_air/tv_on_the_air_event.dart
DA:8,1
DA:10,1
LF:2
LH:2
end_of_record
SF:lib/presentation/bloc/tv_on_the_air/tv_on_the_air_state.dart
DA:9,1
DA:11,1
DA:15,1
DA:17,1
DA:23,1
DA:24,1
DA:26,2
DA:32,1
DA:33,1
DA:35,2
LF:10
LH:10
end_of_record
SF:lib/presentation/bloc/tv_on_the_air/tv_on_the_air_bloc.dart
DA:15,3
DA:16,2
DA:20,1
DA:21,2
DA:22,3
DA:24,2
DA:25,3
DA:26,1
DA:27,5
LF:9
LH:9
end_of_record
